2025-04-12 17:07:36,518 : --- Training Arguments (Corrupted) ---
{'batch_size': 32,
 'bottleneck': True,
 'cosine': False,
 'epochs': 50,
 'feat_dim': 128,
 'gpu': 0,
 'head': 'mlp',
 'in_dataset': 'camelyon17',
 'learning_rate': 0.0005,
 'loss': 'hypo',
 'lr_decay_epochs': '20,35,45',
 'lr_decay_rate': 0.1,
 'mode': 'online',
 'model': 'resnet50',
 'momentum': 0.9,
 'normalize': True,
 'prefetch': 4,
 'print_freq': 50,
 'proto_m': 0.95,
 'save_epoch': 10,
 'seed': 4,
 'start_epoch': 0,
 'temp': 0.1,
 'trial': '0_corrupted',
 'use_domain': False,
 'w': 2.0,
 'warm': False,
 'weight_decay': 0.0001,
 'wilds_root_dir': '../data'}
2025-04-12 17:07:37,713 : Loading corrupted Camelyon17 dataset from ../data...
2025-04-12 17:07:37,733 : Failed to load Camelyon17 corrupted dataset from ../data. Exiting.
