2025-04-09 15:39:08,402 : --- Training Arguments ---
{'augment': True,
 'batch_size': 256,
 'bottleneck': True,
 'cosine': False,
 'epochs': 200,
 'feat_dim': 128,
 'gpu': 0,
 'head': 'mlp',
 'id_loc': 'datasets/CIFAR10',
 'in_dataset': 'camelyon17',
 'learning_rate': 0.0005,
 'loss': 'hypo',
 'lr_decay_epochs': '100,150,180',
 'lr_decay_rate': 0.1,
 'mode': 'online',
 'model': 'resnet50',
 'momentum': 0.9,
 'normalize': False,
 'prefetch': 4,
 'print_freq': 10,
 'proto_m': 0.95,
 'save_epoch': 100,
 'seed': 4,
 'start_epoch': 0,
 'target_domain': 'cartoon',
 'temp': 0.1,
 'trial': '0',
 'use_domain': False,
 'w': 2.0,
 'warm': False,
 'weight_decay': 0.0001,
 'wilds_root_dir': '../../data'}
2025-04-09 15:42:54,382 : Epoch: 0, ID Val Acc: 0.871314, OOD Test Acc: 0.822770
2025-04-09 15:46:37,918 : Epoch: 1, ID Val Acc: 0.885563, OOD Test Acc: 0.789998
2025-04-09 15:50:14,565 : Epoch: 2, ID Val Acc: 0.899816, OOD Test Acc: 0.778948
2025-04-09 15:53:51,304 : Epoch: 3, ID Val Acc: 0.902600, OOD Test Acc: 0.798761
2025-04-09 15:57:27,398 : Epoch: 4, ID Val Acc: 0.916333, OOD Test Acc: 0.813563
2025-04-09 16:01:05,951 : Epoch: 5, ID Val Acc: 0.913173, OOD Test Acc: 0.827805
2025-04-09 16:04:38,921 : Epoch: 6, ID Val Acc: 0.910576, OOD Test Acc: 0.783008
2025-04-09 16:08:13,082 : Epoch: 7, ID Val Acc: 0.909467, OOD Test Acc: 0.836662
2025-04-09 16:11:49,731 : Epoch: 8, ID Val Acc: 0.914990, OOD Test Acc: 0.818327
2025-04-09 16:15:23,780 : Epoch: 9, ID Val Acc: 0.908700, OOD Test Acc: 0.796403
2025-04-09 16:18:57,999 : Epoch: 10, ID Val Acc: 0.908383, OOD Test Acc: 0.844628
2025-04-09 16:22:33,908 : Epoch: 11, ID Val Acc: 0.912888, OOD Test Acc: 0.788582
2025-04-09 16:26:07,344 : Epoch: 12, ID Val Acc: 0.907585, OOD Test Acc: 0.813742
2025-04-09 16:29:41,616 : Epoch: 13, ID Val Acc: 0.906963, OOD Test Acc: 0.833975
2025-04-09 16:33:14,728 : Epoch: 14, ID Val Acc: 0.906224, OOD Test Acc: 0.811372
2025-04-09 16:36:49,650 : Epoch: 15, ID Val Acc: 0.906794, OOD Test Acc: 0.767464
2025-04-09 16:40:23,296 : Epoch: 16, ID Val Acc: 0.915994, OOD Test Acc: 0.790702
2025-04-09 16:44:01,663 : Epoch: 17, ID Val Acc: 0.896182, OOD Test Acc: 0.756073
2025-04-09 16:47:35,003 : Epoch: 18, ID Val Acc: 0.903966, OOD Test Acc: 0.796403
2025-04-09 16:51:11,201 : Epoch: 19, ID Val Acc: 0.906787, OOD Test Acc: 0.797810
2025-04-09 16:54:55,310 : Epoch: 20, ID Val Acc: 0.895273, OOD Test Acc: 0.802550
2025-04-09 16:58:29,482 : Epoch: 21, ID Val Acc: 0.908899, OOD Test Acc: 0.796475
2025-04-09 17:02:02,839 : Epoch: 22, ID Val Acc: 0.903479, OOD Test Acc: 0.766830
2025-04-09 17:05:36,398 : Epoch: 23, ID Val Acc: 0.903197, OOD Test Acc: 0.802513
2025-04-09 17:09:09,367 : Epoch: 24, ID Val Acc: 0.894749, OOD Test Acc: 0.797919
2025-04-09 17:12:43,270 : Epoch: 25, ID Val Acc: 0.903969, OOD Test Acc: 0.831078
2025-04-09 17:16:16,968 : Epoch: 26, ID Val Acc: 0.906159, OOD Test Acc: 0.819817
2025-04-09 17:19:50,738 : Epoch: 27, ID Val Acc: 0.913352, OOD Test Acc: 0.800099
2025-04-09 17:23:24,257 : Epoch: 28, ID Val Acc: 0.902603, OOD Test Acc: 0.841930
2025-04-09 17:26:58,024 : Epoch: 29, ID Val Acc: 0.917995, OOD Test Acc: 0.808567
2025-04-09 17:30:34,129 : Epoch: 30, ID Val Acc: 0.902232, OOD Test Acc: 0.829448
2025-04-09 17:34:07,764 : Epoch: 31, ID Val Acc: 0.917930, OOD Test Acc: 0.809025
2025-04-09 17:37:41,636 : Epoch: 32, ID Val Acc: 0.919267, OOD Test Acc: 0.812732
2025-04-09 17:41:18,156 : Epoch: 33, ID Val Acc: 0.912546, OOD Test Acc: 0.808685
2025-04-09 17:44:51,755 : Epoch: 34, ID Val Acc: 0.918560, OOD Test Acc: 0.806726
2025-04-09 17:48:27,881 : Epoch: 35, ID Val Acc: 0.913482, OOD Test Acc: 0.812896
2025-04-09 17:52:01,499 : Epoch: 36, ID Val Acc: 0.897445, OOD Test Acc: 0.843196
2025-04-09 17:55:37,591 : Epoch: 37, ID Val Acc: 0.915714, OOD Test Acc: 0.824499
2025-04-09 17:59:16,676 : Epoch: 38, ID Val Acc: 0.911862, OOD Test Acc: 0.822609
2025-04-09 18:02:50,182 : Epoch: 39, ID Val Acc: 0.920646, OOD Test Acc: 0.820507
2025-04-09 18:06:27,166 : Epoch: 40, ID Val Acc: 0.914291, OOD Test Acc: 0.856909
2025-04-09 18:10:01,100 : Epoch: 41, ID Val Acc: 0.921898, OOD Test Acc: 0.823582
2025-04-09 18:13:37,212 : Epoch: 42, ID Val Acc: 0.907212, OOD Test Acc: 0.785634
2025-04-09 18:17:13,172 : Epoch: 43, ID Val Acc: 0.904653, OOD Test Acc: 0.783642
2025-04-09 18:20:46,021 : Epoch: 44, ID Val Acc: 0.915537, OOD Test Acc: 0.802434
2025-04-09 18:24:20,195 : Epoch: 45, ID Val Acc: 0.917310, OOD Test Acc: 0.803312
2025-04-09 18:27:53,379 : Epoch: 46, ID Val Acc: 0.913347, OOD Test Acc: 0.819559
2025-04-09 18:31:26,906 : Epoch: 47, ID Val Acc: 0.907702, OOD Test Acc: 0.807488
2025-04-09 18:35:00,297 : Epoch: 48, ID Val Acc: 0.910125, OOD Test Acc: 0.782163
2025-04-09 18:38:33,864 : Epoch: 49, ID Val Acc: 0.905848, OOD Test Acc: 0.742950
2025-04-09 18:42:07,269 : Epoch: 50, ID Val Acc: 0.909721, OOD Test Acc: 0.768393
2025-04-09 18:45:40,629 : Epoch: 51, ID Val Acc: 0.911260, OOD Test Acc: 0.793953
2025-04-09 18:49:14,207 : Epoch: 52, ID Val Acc: 0.905281, OOD Test Acc: 0.794139
2025-04-09 18:52:47,490 : Epoch: 53, ID Val Acc: 0.915592, OOD Test Acc: 0.809331
2025-04-09 18:56:21,002 : Epoch: 54, ID Val Acc: 0.910952, OOD Test Acc: 0.812217
2025-04-09 18:59:56,538 : Epoch: 55, ID Val Acc: 0.902302, OOD Test Acc: 0.767971
2025-04-09 19:03:30,036 : Epoch: 56, ID Val Acc: 0.906266, OOD Test Acc: 0.793766
2025-04-09 19:07:03,489 : Epoch: 57, ID Val Acc: 0.908464, OOD Test Acc: 0.796567
2025-04-09 19:10:38,650 : Epoch: 58, ID Val Acc: 0.910128, OOD Test Acc: 0.830059
2025-04-09 19:14:11,532 : Epoch: 59, ID Val Acc: 0.919047, OOD Test Acc: 0.830034
2025-04-09 19:17:45,244 : Epoch: 60, ID Val Acc: 0.910493, OOD Test Acc: 0.825964
2025-04-09 19:21:18,372 : Epoch: 61, ID Val Acc: 0.903619, OOD Test Acc: 0.821380
2025-04-09 19:24:52,324 : Epoch: 62, ID Val Acc: 0.905366, OOD Test Acc: 0.800486
2025-04-09 19:28:25,373 : Epoch: 63, ID Val Acc: 0.907562, OOD Test Acc: 0.788570
2025-04-09 19:31:59,668 : Epoch: 64, ID Val Acc: 0.910180, OOD Test Acc: 0.786470
2025-04-09 19:35:32,832 : Epoch: 65, ID Val Acc: 0.903544, OOD Test Acc: 0.825871
2025-04-09 19:39:06,684 : Epoch: 66, ID Val Acc: 0.910807, OOD Test Acc: 0.794563
2025-04-09 19:42:40,128 : Epoch: 67, ID Val Acc: 0.904876, OOD Test Acc: 0.809846
2025-04-09 19:46:13,730 : Epoch: 68, ID Val Acc: 0.862444, OOD Test Acc: 0.758810
2025-04-09 19:49:47,568 : Epoch: 69, ID Val Acc: 0.886081, OOD Test Acc: 0.829741
2025-04-09 19:53:20,920 : Epoch: 70, ID Val Acc: 0.896328, OOD Test Acc: 0.780464
2025-04-09 19:57:00,133 : Epoch: 71, ID Val Acc: 0.909975, OOD Test Acc: 0.817729
2025-04-09 20:00:36,355 : Epoch: 72, ID Val Acc: 0.907442, OOD Test Acc: 0.815947
2025-04-09 20:04:10,052 : Epoch: 73, ID Val Acc: 0.915449, OOD Test Acc: 0.763571
2025-04-09 20:07:43,895 : Epoch: 74, ID Val Acc: 0.899627, OOD Test Acc: 0.787947
2025-04-09 20:11:17,873 : Epoch: 75, ID Val Acc: 0.912401, OOD Test Acc: 0.786633
2025-04-09 20:14:51,814 : Epoch: 76, ID Val Acc: 0.910662, OOD Test Acc: 0.814761
2025-04-09 20:18:27,951 : Epoch: 77, ID Val Acc: 0.908894, OOD Test Acc: 0.802749
2025-04-09 20:22:01,697 : Epoch: 78, ID Val Acc: 0.899775, OOD Test Acc: 0.784461
2025-04-09 20:25:35,205 : Epoch: 79, ID Val Acc: 0.897896, OOD Test Acc: 0.803888
2025-04-09 20:29:08,479 : Epoch: 80, ID Val Acc: 0.903964, OOD Test Acc: 0.814691
2025-04-09 20:32:44,494 : Epoch: 81, ID Val Acc: 0.907072, OOD Test Acc: 0.796170
2025-04-09 20:36:18,147 : Epoch: 82, ID Val Acc: 0.912404, OOD Test Acc: 0.846797
2025-04-09 20:39:52,014 : Epoch: 83, ID Val Acc: 0.908290, OOD Test Acc: 0.808098
2025-04-09 20:43:25,878 : Epoch: 84, ID Val Acc: 0.911377, OOD Test Acc: 0.815629
2025-04-09 20:46:59,902 : Epoch: 85, ID Val Acc: 0.908041, OOD Test Acc: 0.818515
2025-04-09 20:50:33,946 : Epoch: 86, ID Val Acc: 0.908352, OOD Test Acc: 0.817447
2025-04-09 20:54:07,524 : Epoch: 87, ID Val Acc: 0.895985, OOD Test Acc: 0.820579
2025-04-09 20:57:41,211 : Epoch: 88, ID Val Acc: 0.916623, OOD Test Acc: 0.809869
2025-04-09 21:01:14,924 : Epoch: 89, ID Val Acc: 0.903311, OOD Test Acc: 0.795853
2025-04-09 21:04:48,245 : Epoch: 90, ID Val Acc: 0.908155, OOD Test Acc: 0.799701
2025-04-09 21:08:21,905 : Epoch: 91, ID Val Acc: 0.898401, OOD Test Acc: 0.839018
2025-04-09 21:11:57,039 : Epoch: 92, ID Val Acc: 0.901307, OOD Test Acc: 0.810937
2025-04-09 21:15:30,363 : Epoch: 93, ID Val Acc: 0.899057, OOD Test Acc: 0.821224
2025-04-09 21:19:03,980 : Epoch: 94, ID Val Acc: 0.896431, OOD Test Acc: 0.818397
2025-04-09 21:22:37,738 : Epoch: 95, ID Val Acc: 0.896260, OOD Test Acc: 0.793835
2025-04-09 21:26:11,977 : Epoch: 96, ID Val Acc: 0.900993, OOD Test Acc: 0.805588
2025-04-09 21:29:45,422 : Epoch: 97, ID Val Acc: 0.913824, OOD Test Acc: 0.797986
2025-04-09 21:33:18,839 : Epoch: 98, ID Val Acc: 0.910291, OOD Test Acc: 0.790620
2025-04-09 21:36:53,047 : Epoch: 99, ID Val Acc: 0.909752, OOD Test Acc: 0.836732
2025-04-09 21:40:26,911 : Epoch: 100, ID Val Acc: 0.903598, OOD Test Acc: 0.809201
2025-04-09 21:44:04,684 : Epoch: 101, ID Val Acc: 0.908217, OOD Test Acc: 0.807771
2025-04-09 21:47:38,189 : Epoch: 102, ID Val Acc: 0.907904, OOD Test Acc: 0.808076
2025-04-09 21:51:12,382 : Epoch: 103, ID Val Acc: 0.908671, OOD Test Acc: 0.799067
2025-04-09 21:54:47,789 : Epoch: 104, ID Val Acc: 0.907476, OOD Test Acc: 0.808827
2025-04-09 21:58:21,916 : Epoch: 105, ID Val Acc: 0.906846, OOD Test Acc: 0.806070
2025-04-09 22:01:55,301 : Epoch: 106, ID Val Acc: 0.906017, OOD Test Acc: 0.808262
2025-04-09 22:05:28,793 : Epoch: 107, ID Val Acc: 0.907416, OOD Test Acc: 0.812660
2025-04-09 22:09:01,932 : Epoch: 108, ID Val Acc: 0.906789, OOD Test Acc: 0.811559
2025-04-09 22:12:35,555 : Epoch: 109, ID Val Acc: 0.907471, OOD Test Acc: 0.806927
2025-04-09 22:16:13,284 : Epoch: 110, ID Val Acc: 0.903484, OOD Test Acc: 0.805460
2025-04-09 22:19:46,663 : Epoch: 111, ID Val Acc: 0.903852, OOD Test Acc: 0.805202
2025-04-09 22:23:19,687 : Epoch: 112, ID Val Acc: 0.907953, OOD Test Acc: 0.801201
2025-04-09 22:26:53,329 : Epoch: 113, ID Val Acc: 0.906219, OOD Test Acc: 0.806855
2025-04-09 22:30:26,898 : Epoch: 114, ID Val Acc: 0.907074, OOD Test Acc: 0.812663
2025-04-09 22:34:00,300 : Epoch: 115, ID Val Acc: 0.905045, OOD Test Acc: 0.804979
2025-04-09 22:37:36,627 : Epoch: 116, ID Val Acc: 0.905760, OOD Test Acc: 0.805390
2025-04-09 22:41:09,838 : Epoch: 117, ID Val Acc: 0.906356, OOD Test Acc: 0.803126
2025-04-09 22:44:44,978 : Epoch: 118, ID Val Acc: 0.904762, OOD Test Acc: 0.809460
2025-04-09 22:48:21,903 : Epoch: 119, ID Val Acc: 0.905073, OOD Test Acc: 0.803994
2025-04-09 22:51:57,968 : Epoch: 120, ID Val Acc: 0.905133, OOD Test Acc: 0.803701
2025-04-09 22:55:31,979 : Epoch: 121, ID Val Acc: 0.904506, OOD Test Acc: 0.809273
2025-04-09 22:59:05,580 : Epoch: 122, ID Val Acc: 0.904677, OOD Test Acc: 0.810152
2025-04-09 23:02:39,684 : Epoch: 123, ID Val Acc: 0.906131, OOD Test Acc: 0.812405
2025-04-09 23:06:13,649 : Epoch: 124, ID Val Acc: 0.904734, OOD Test Acc: 0.815242
2025-04-09 23:09:47,581 : Epoch: 125, ID Val Acc: 0.901600, OOD Test Acc: 0.811372
2025-04-09 23:13:21,379 : Epoch: 126, ID Val Acc: 0.903992, OOD Test Acc: 0.808274
2025-04-09 23:16:54,957 : Epoch: 127, ID Val Acc: 0.906017, OOD Test Acc: 0.812827
2025-04-09 23:20:29,162 : Epoch: 128, ID Val Acc: 0.905418, OOD Test Acc: 0.810410
2025-04-09 23:24:02,912 : Epoch: 129, ID Val Acc: 0.902567, OOD Test Acc: 0.803605
2025-04-09 23:27:36,390 : Epoch: 130, ID Val Acc: 0.901540, OOD Test Acc: 0.808264
2025-04-09 23:31:11,030 : Epoch: 131, ID Val Acc: 0.906673, OOD Test Acc: 0.801624
2025-04-09 23:34:44,384 : Epoch: 132, ID Val Acc: 0.904049, OOD Test Acc: 0.812520
2025-04-09 23:38:18,175 : Epoch: 133, ID Val Acc: 0.907271, OOD Test Acc: 0.812557
2025-04-09 23:41:52,217 : Epoch: 134, ID Val Acc: 0.906330, OOD Test Acc: 0.806598
2025-04-09 23:45:25,394 : Epoch: 135, ID Val Acc: 0.904705, OOD Test Acc: 0.798950
2025-04-09 23:48:59,070 : Epoch: 136, ID Val Acc: 0.902880, OOD Test Acc: 0.798973
2025-04-09 23:52:35,551 : Epoch: 137, ID Val Acc: 0.896607, OOD Test Acc: 0.792263
2025-04-09 23:56:10,130 : Epoch: 138, ID Val Acc: 0.901426, OOD Test Acc: 0.795044
2025-04-09 23:59:43,477 : Epoch: 139, ID Val Acc: 0.901198, OOD Test Acc: 0.794293
2025-04-10 00:03:18,484 : Epoch: 140, ID Val Acc: 0.901198, OOD Test Acc: 0.793085
2025-04-10 00:06:51,798 : Epoch: 141, ID Val Acc: 0.898632, OOD Test Acc: 0.788791
2025-04-10 00:10:28,211 : Epoch: 142, ID Val Acc: 0.898461, OOD Test Acc: 0.786879
2025-04-10 00:14:01,338 : Epoch: 143, ID Val Acc: 0.900713, OOD Test Acc: 0.794398
2025-04-10 00:17:35,771 : Epoch: 144, ID Val Acc: 0.897235, OOD Test Acc: 0.787137
2025-04-10 00:21:08,825 : Epoch: 145, ID Val Acc: 0.898831, OOD Test Acc: 0.794375
2025-04-10 00:24:53,607 : Epoch: 146, ID Val Acc: 0.903222, OOD Test Acc: 0.798457
2025-04-10 00:28:26,401 : Epoch: 147, ID Val Acc: 0.899145, OOD Test Acc: 0.792944
2025-04-10 00:32:00,137 : Epoch: 148, ID Val Acc: 0.901255, OOD Test Acc: 0.803009
2025-04-10 00:35:32,884 : Epoch: 149, ID Val Acc: 0.902339, OOD Test Acc: 0.802481
2025-04-10 00:39:06,175 : Epoch: 150, ID Val Acc: 0.899886, OOD Test Acc: 0.797472
2025-04-10 00:42:39,161 : Epoch: 151, ID Val Acc: 0.897748, OOD Test Acc: 0.791806
2025-04-10 00:46:13,171 : Epoch: 152, ID Val Acc: 0.899915, OOD Test Acc: 0.796322
2025-04-10 00:49:48,324 : Epoch: 153, ID Val Acc: 0.900371, OOD Test Acc: 0.793061
2025-04-10 00:53:21,412 : Epoch: 154, ID Val Acc: 0.901540, OOD Test Acc: 0.793014
2025-04-10 00:56:54,496 : Epoch: 155, ID Val Acc: 0.898375, OOD Test Acc: 0.793812
2025-04-10 01:00:27,881 : Epoch: 156, ID Val Acc: 0.897605, OOD Test Acc: 0.795841
2025-04-10 01:04:02,784 : Epoch: 157, ID Val Acc: 0.902481, OOD Test Acc: 0.800580
2025-04-10 01:07:36,192 : Epoch: 158, ID Val Acc: 0.899174, OOD Test Acc: 0.790492
2025-04-10 01:11:08,951 : Epoch: 159, ID Val Acc: 0.903080, OOD Test Acc: 0.800099
2025-04-10 01:14:42,044 : Epoch: 160, ID Val Acc: 0.903365, OOD Test Acc: 0.800967
2025-04-10 01:18:15,041 : Epoch: 161, ID Val Acc: 0.903508, OOD Test Acc: 0.799371
2025-04-10 01:21:47,558 : Epoch: 162, ID Val Acc: 0.903650, OOD Test Acc: 0.795208
2025-04-10 01:25:20,418 : Epoch: 163, ID Val Acc: 0.900571, OOD Test Acc: 0.795689
2025-04-10 01:28:52,836 : Epoch: 164, ID Val Acc: 0.898717, OOD Test Acc: 0.789706
2025-04-10 01:32:26,228 : Epoch: 165, ID Val Acc: 0.898803, OOD Test Acc: 0.792920
2025-04-10 01:35:59,126 : Epoch: 166, ID Val Acc: 0.899972, OOD Test Acc: 0.795982
2025-04-10 01:39:32,491 : Epoch: 167, ID Val Acc: 0.898404, OOD Test Acc: 0.792838
2025-04-10 01:43:05,311 : Epoch: 168, ID Val Acc: 0.899687, OOD Test Acc: 0.792920
2025-04-10 01:46:38,375 : Epoch: 169, ID Val Acc: 0.902339, OOD Test Acc: 0.795032
2025-04-10 01:50:11,141 : Epoch: 170, ID Val Acc: 0.900029, OOD Test Acc: 0.800158
2025-04-10 01:53:44,500 : Epoch: 171, ID Val Acc: 0.899288, OOD Test Acc: 0.795231
2025-04-10 01:57:17,172 : Epoch: 172, ID Val Acc: 0.897919, OOD Test Acc: 0.793753
2025-04-10 02:00:50,320 : Epoch: 173, ID Val Acc: 0.901455, OOD Test Acc: 0.793847
2025-04-10 02:04:23,253 : Epoch: 174, ID Val Acc: 0.899373, OOD Test Acc: 0.793788
2025-04-10 02:07:56,043 : Epoch: 175, ID Val Acc: 0.903622, OOD Test Acc: 0.789976
2025-04-10 02:11:28,768 : Epoch: 176, ID Val Acc: 0.901996, OOD Test Acc: 0.799290
2025-04-10 02:15:01,400 : Epoch: 177, ID Val Acc: 0.898090, OOD Test Acc: 0.793554
2025-04-10 02:18:34,460 : Epoch: 178, ID Val Acc: 0.898831, OOD Test Acc: 0.794350
2025-04-10 02:22:07,084 : Epoch: 179, ID Val Acc: 0.900143, OOD Test Acc: 0.795959
2025-04-10 02:25:40,585 : Epoch: 180, ID Val Acc: 0.898689, OOD Test Acc: 0.798035
2025-04-10 02:29:12,881 : Epoch: 181, ID Val Acc: 0.899715, OOD Test Acc: 0.792627
2025-04-10 02:32:46,129 : Epoch: 182, ID Val Acc: 0.900514, OOD Test Acc: 0.798373
2025-04-10 02:36:18,827 : Epoch: 183, ID Val Acc: 0.901113, OOD Test Acc: 0.792451
2025-04-10 02:39:51,907 : Epoch: 184, ID Val Acc: 0.899259, OOD Test Acc: 0.788862
2025-04-10 02:43:24,408 : Epoch: 185, ID Val Acc: 0.901483, OOD Test Acc: 0.798316
2025-04-10 02:46:57,849 : Epoch: 186, ID Val Acc: 0.897805, OOD Test Acc: 0.790234
2025-04-10 02:50:30,460 : Epoch: 187, ID Val Acc: 0.900571, OOD Test Acc: 0.794938
2025-04-10 02:54:03,536 : Epoch: 188, ID Val Acc: 0.902367, OOD Test Acc: 0.797742
2025-04-10 02:57:36,336 : Epoch: 189, ID Val Acc: 0.900941, OOD Test Acc: 0.798762
2025-04-10 03:01:09,073 : Epoch: 190, ID Val Acc: 0.903850, OOD Test Acc: 0.801014
2025-04-10 03:04:42,203 : Epoch: 191, ID Val Acc: 0.900685, OOD Test Acc: 0.791102
2025-04-10 03:08:14,804 : Epoch: 192, ID Val Acc: 0.900827, OOD Test Acc: 0.791618
2025-04-10 03:11:48,116 : Epoch: 193, ID Val Acc: 0.899658, OOD Test Acc: 0.794563
2025-04-10 03:15:20,587 : Epoch: 194, ID Val Acc: 0.902196, OOD Test Acc: 0.787125
2025-04-10 03:18:53,531 : Epoch: 195, ID Val Acc: 0.899031, OOD Test Acc: 0.792310
2025-04-10 03:22:25,589 : Epoch: 196, ID Val Acc: 0.895952, OOD Test Acc: 0.793366
2025-04-10 03:25:58,976 : Epoch: 197, ID Val Acc: 0.898119, OOD Test Acc: 0.790551
2025-04-10 03:29:31,538 : Epoch: 198, ID Val Acc: 0.899943, OOD Test Acc: 0.796803
2025-04-10 03:33:04,477 : Epoch: 199, ID Val Acc: 0.900770, OOD Test Acc: 0.794305
2025-04-10 03:33:04,478 : --- Training Summary ---
2025-04-10 03:33:04,478 : Best ID Val Acc: 0.921898 (Epoch 41)
2025-04-10 03:33:04,478 : OOD Test Acc at Best ID Val Epoch: 0.823582
2025-04-10 03:33:04,478 : Best OOD Test Acc: 0.856909 (Epoch 40)
2025-04-10 03:33:04,478 : ID Val Acc at Best OOD Test Epoch: 0.914291
2025-04-10 03:33:04,478 : Final Epoch (199) ID Val Acc: 0.900770
2025-04-10 03:33:04,479 : Final Epoch (199) OOD Test Acc: 0.794305
