2025-04-10 10:31:41,523 : --- Training Arguments ---
{'augment': True,
 'batch_size': 256,
 'bottleneck': True,
 'cosine': False,
 'epochs': 200,
 'feat_dim': 128,
 'gpu': 0,
 'head': 'mlp',
 'id_loc': 'datasets/CIFAR10',
 'in_dataset': 'camelyon17',
 'learning_rate': 0.0005,
 'loss': 'erm',
 'lr_decay_epochs': '100,150,180',
 'lr_decay_rate': 0.1,
 'mode': 'online',
 'model': 'resnet50',
 'momentum': 0.9,
 'normalize': False,
 'prefetch': 4,
 'print_freq': 10,
 'proto_m': 0.95,
 'save_epoch': 100,
 'seed': 4,
 'start_epoch': 0,
 'target_domain': 'cartoon',
 'temp': 0.1,
 'trial': 'erm_1',
 'use_domain': False,
 'w': 2,
 'warm': False,
 'weight_decay': 0.0001,
 'wilds_root_dir': '../../data'}
2025-04-10 10:34:32,454 : Epoch: 0, ID Val Acc: 0.899096, OOD Test Acc: 0.878211
2025-04-10 10:37:26,195 : Epoch: 1, ID Val Acc: 0.899384, OOD Test Acc: 0.866903
2025-04-10 10:40:19,433 : Epoch: 2, ID Val Acc: 0.903370, OOD Test Acc: 0.846364
2025-04-10 10:43:12,315 : Epoch: 3, ID Val Acc: 0.904513, OOD Test Acc: 0.830220
2025-04-10 10:46:05,745 : Epoch: 4, ID Val Acc: 0.902771, OOD Test Acc: 0.847476
2025-04-10 10:48:57,367 : Epoch: 5, ID Val Acc: 0.904200, OOD Test Acc: 0.828508
2025-04-10 10:51:53,587 : Epoch: 6, ID Val Acc: 0.911750, OOD Test Acc: 0.827839
2025-04-10 10:54:47,128 : Epoch: 7, ID Val Acc: 0.900700, OOD Test Acc: 0.838115
2025-04-10 10:57:37,541 : Epoch: 8, ID Val Acc: 0.905856, OOD Test Acc: 0.820883
2025-04-10 11:00:28,955 : Epoch: 9, ID Val Acc: 0.911323, OOD Test Acc: 0.816789
2025-04-10 11:03:20,043 : Epoch: 10, ID Val Acc: 0.904487, OOD Test Acc: 0.833505
2025-04-10 11:06:16,530 : Epoch: 11, ID Val Acc: 0.910265, OOD Test Acc: 0.811428
2025-04-10 11:09:12,698 : Epoch: 12, ID Val Acc: 0.909695, OOD Test Acc: 0.815710
2025-04-10 11:12:08,622 : Epoch: 13, ID Val Acc: 0.904946, OOD Test Acc: 0.833352
2025-04-10 11:14:58,995 : Epoch: 14, ID Val Acc: 0.911066, OOD Test Acc: 0.813692
2025-04-10 11:17:48,706 : Epoch: 15, ID Val Acc: 0.913715, OOD Test Acc: 0.807510
2025-04-10 11:20:42,101 : Epoch: 16, ID Val Acc: 0.905369, OOD Test Acc: 0.835194
2025-04-10 11:23:32,138 : Epoch: 17, ID Val Acc: 0.907564, OOD Test Acc: 0.820636
2025-04-10 11:26:22,117 : Epoch: 18, ID Val Acc: 0.911377, OOD Test Acc: 0.819686
2025-04-10 11:29:12,363 : Epoch: 19, ID Val Acc: 0.908505, OOD Test Acc: 0.832167
2025-04-10 11:32:01,914 : Epoch: 20, ID Val Acc: 0.906740, OOD Test Acc: 0.827159
2025-04-10 11:34:51,695 : Epoch: 21, ID Val Acc: 0.910268, OOD Test Acc: 0.822255
2025-04-10 11:37:41,949 : Epoch: 22, ID Val Acc: 0.913256, OOD Test Acc: 0.806243
2025-04-10 11:40:37,144 : Epoch: 23, ID Val Acc: 0.913031, OOD Test Acc: 0.813387
2025-04-10 11:43:26,937 : Epoch: 24, ID Val Acc: 0.910524, OOD Test Acc: 0.810560
2025-04-10 11:46:16,784 : Epoch: 25, ID Val Acc: 0.909016, OOD Test Acc: 0.821915
2025-04-10 11:49:07,859 : Epoch: 26, ID Val Acc: 0.909042, OOD Test Acc: 0.815264
2025-04-10 11:51:59,978 : Epoch: 27, ID Val Acc: 0.914939, OOD Test Acc: 0.814490
2025-04-10 11:54:53,179 : Epoch: 28, ID Val Acc: 0.912232, OOD Test Acc: 0.812167
2025-04-10 11:57:43,125 : Epoch: 29, ID Val Acc: 0.907958, OOD Test Acc: 0.825833
2025-04-10 12:00:32,908 : Epoch: 30, ID Val Acc: 0.902064, OOD Test Acc: 0.835077
2025-04-10 12:03:22,939 : Epoch: 31, ID Val Acc: 0.906136, OOD Test Acc: 0.819804
2025-04-10 12:06:12,888 : Epoch: 32, ID Val Acc: 0.903743, OOD Test Acc: 0.826384
2025-04-10 12:09:02,649 : Epoch: 33, ID Val Acc: 0.902945, OOD Test Acc: 0.824660
2025-04-10 12:11:52,317 : Epoch: 34, ID Val Acc: 0.905934, OOD Test Acc: 0.824038
2025-04-10 12:14:42,118 : Epoch: 35, ID Val Acc: 0.909324, OOD Test Acc: 0.819827
2025-04-10 12:17:32,246 : Epoch: 36, ID Val Acc: 0.911349, OOD Test Acc: 0.818431
2025-04-10 12:20:21,983 : Epoch: 37, ID Val Acc: 0.907930, OOD Test Acc: 0.827943
2025-04-10 12:23:11,601 : Epoch: 38, ID Val Acc: 0.906592, OOD Test Acc: 0.825340
2025-04-10 12:26:01,255 : Epoch: 39, ID Val Acc: 0.911035, OOD Test Acc: 0.807088
2025-04-10 12:28:51,308 : Epoch: 40, ID Val Acc: 0.907704, OOD Test Acc: 0.826041
2025-04-10 12:31:41,030 : Epoch: 41, ID Val Acc: 0.910553, OOD Test Acc: 0.823425
2025-04-10 12:34:30,835 : Epoch: 42, ID Val Acc: 0.903370, OOD Test Acc: 0.822337
2025-04-10 12:37:19,981 : Epoch: 43, ID Val Acc: 0.903575, OOD Test Acc: 0.813012
2025-04-10 12:40:09,808 : Epoch: 44, ID Val Acc: 0.903399, OOD Test Acc: 0.820906
2025-04-10 12:43:00,412 : Epoch: 45, ID Val Acc: 0.900270, OOD Test Acc: 0.825748
2025-04-10 12:45:49,714 : Epoch: 46, ID Val Acc: 0.909894, OOD Test Acc: 0.812495
2025-04-10 12:48:39,080 : Epoch: 47, ID Val Acc: 0.913145, OOD Test Acc: 0.807393
2025-04-10 12:51:28,773 : Epoch: 48, ID Val Acc: 0.911121, OOD Test Acc: 0.815029
2025-04-10 12:54:19,389 : Epoch: 49, ID Val Acc: 0.910978, OOD Test Acc: 0.805762
2025-04-10 12:57:13,981 : Epoch: 50, ID Val Acc: 0.902860, OOD Test Acc: 0.824917
2025-04-10 13:00:03,840 : Epoch: 51, ID Val Acc: 0.910351, OOD Test Acc: 0.820107
2025-04-10 13:03:30,612 : Epoch: 52, ID Val Acc: 0.907391, OOD Test Acc: 0.818746
2025-04-10 13:06:21,644 : Epoch: 53, ID Val Acc: 0.906932, OOD Test Acc: 0.822548
2025-04-10 13:09:54,187 : Epoch: 54, ID Val Acc: 0.908845, OOD Test Acc: 0.822865
2025-04-10 13:12:45,584 : Epoch: 55, ID Val Acc: 0.910664, OOD Test Acc: 0.815757
2025-04-10 13:16:46,951 : Epoch: 56, ID Val Acc: 0.910493, OOD Test Acc: 0.812390
2025-04-10 13:20:27,723 : Epoch: 57, ID Val Acc: 0.909498, OOD Test Acc: 0.819391
2025-04-10 13:23:18,042 : Epoch: 58, ID Val Acc: 0.905620, OOD Test Acc: 0.830405
2025-04-10 13:26:09,036 : Epoch: 59, ID Val Acc: 0.909609, OOD Test Acc: 0.817151
2025-04-10 13:28:59,591 : Epoch: 60, ID Val Acc: 0.911009, OOD Test Acc: 0.817809
2025-04-10 13:31:51,715 : Epoch: 61, ID Val Acc: 0.914939, OOD Test Acc: 0.804366
2025-04-10 13:34:45,144 : Epoch: 62, ID Val Acc: 0.908873, OOD Test Acc: 0.822336
2025-04-10 13:37:35,816 : Epoch: 63, ID Val Acc: 0.909900, OOD Test Acc: 0.823603
2025-04-10 13:40:27,053 : Epoch: 64, ID Val Acc: 0.911040, OOD Test Acc: 0.820109
2025-04-10 13:43:18,422 : Epoch: 65, ID Val Acc: 0.909723, OOD Test Acc: 0.821786
2025-04-10 13:46:08,426 : Epoch: 66, ID Val Acc: 0.905423, OOD Test Acc: 0.837242
2025-04-10 13:48:59,957 : Epoch: 67, ID Val Acc: 0.910610, OOD Test Acc: 0.821057
2025-04-10 13:51:57,173 : Epoch: 68, ID Val Acc: 0.911919, OOD Test Acc: 0.819581
2025-04-10 13:54:47,585 : Epoch: 69, ID Val Acc: 0.908987, OOD Test Acc: 0.821045
2025-04-10 13:57:39,736 : Epoch: 70, ID Val Acc: 0.909923, OOD Test Acc: 0.819990
2025-04-10 14:00:30,999 : Epoch: 71, ID Val Acc: 0.911178, OOD Test Acc: 0.817422
2025-04-10 14:03:22,039 : Epoch: 72, ID Val Acc: 0.908588, OOD Test Acc: 0.816119
2025-04-10 14:06:12,291 : Epoch: 73, ID Val Acc: 0.912546, OOD Test Acc: 0.806900
2025-04-10 14:09:02,522 : Epoch: 74, ID Val Acc: 0.912603, OOD Test Acc: 0.806009
2025-04-10 14:11:52,239 : Epoch: 75, ID Val Acc: 0.912461, OOD Test Acc: 0.815569
2025-04-10 14:14:41,965 : Epoch: 76, ID Val Acc: 0.910895, OOD Test Acc: 0.814242
2025-04-10 14:17:32,115 : Epoch: 77, ID Val Acc: 0.910524, OOD Test Acc: 0.818007
2025-04-10 14:20:22,685 : Epoch: 78, ID Val Acc: 0.911266, OOD Test Acc: 0.808365
2025-04-10 14:23:15,358 : Epoch: 79, ID Val Acc: 0.905737, OOD Test Acc: 0.824856
2025-04-10 14:26:05,390 : Epoch: 80, ID Val Acc: 0.911403, OOD Test Acc: 0.812976
2025-04-10 14:28:56,008 : Epoch: 81, ID Val Acc: 0.911035, OOD Test Acc: 0.814620
2025-04-10 14:31:51,193 : Epoch: 82, ID Val Acc: 0.903375, OOD Test Acc: 0.828774
2025-04-10 14:34:45,637 : Epoch: 83, ID Val Acc: 0.910841, OOD Test Acc: 0.821644
2025-04-10 14:37:36,316 : Epoch: 84, ID Val Acc: 0.909926, OOD Test Acc: 0.826581
2025-04-10 14:40:31,670 : Epoch: 85, ID Val Acc: 0.913090, OOD Test Acc: 0.817281
2025-04-10 14:43:22,111 : Epoch: 86, ID Val Acc: 0.913344, OOD Test Acc: 0.812858
2025-04-10 14:46:14,724 : Epoch: 87, ID Val Acc: 0.914742, OOD Test Acc: 0.813221
2025-04-10 14:49:19,378 : Epoch: 88, ID Val Acc: 0.909526, OOD Test Acc: 0.830475
2025-04-10 14:52:15,733 : Epoch: 89, ID Val Acc: 0.911294, OOD Test Acc: 0.820202
2025-04-10 14:55:07,093 : Epoch: 90, ID Val Acc: 0.909812, OOD Test Acc: 0.813280
2025-04-10 14:58:03,777 : Epoch: 91, ID Val Acc: 0.910071, OOD Test Acc: 0.815344
2025-04-10 15:01:01,371 : Epoch: 92, ID Val Acc: 0.913484, OOD Test Acc: 0.803664
2025-04-10 15:04:43,773 : Epoch: 93, ID Val Acc: 0.911748, OOD Test Acc: 0.808167
2025-04-10 15:07:36,086 : Epoch: 94, ID Val Acc: 0.912315, OOD Test Acc: 0.809903
2025-04-10 15:10:52,783 : Epoch: 95, ID Val Acc: 0.908987, OOD Test Acc: 0.815710
2025-04-10 15:13:44,287 : Epoch: 96, ID Val Acc: 0.916193, OOD Test Acc: 0.806089
2025-04-10 15:16:37,986 : Epoch: 97, ID Val Acc: 0.906338, OOD Test Acc: 0.821374
2025-04-10 15:19:28,761 : Epoch: 98, ID Val Acc: 0.913404, OOD Test Acc: 0.813163
2025-04-10 15:22:22,213 : Epoch: 99, ID Val Acc: 0.910066, OOD Test Acc: 0.818864
2025-04-10 15:25:13,137 : Epoch: 100, ID Val Acc: 0.913114, OOD Test Acc: 0.813855
2025-04-10 15:28:05,021 : Epoch: 101, ID Val Acc: 0.911463, OOD Test Acc: 0.814347
2025-04-10 15:30:56,240 : Epoch: 102, ID Val Acc: 0.907676, OOD Test Acc: 0.825620
2025-04-10 15:33:51,952 : Epoch: 103, ID Val Acc: 0.908617, OOD Test Acc: 0.822488
2025-04-10 15:36:42,246 : Epoch: 104, ID Val Acc: 0.916193, OOD Test Acc: 0.802394
2025-04-10 15:39:36,260 : Epoch: 105, ID Val Acc: 0.909757, OOD Test Acc: 0.821233
2025-04-10 15:42:26,453 : Epoch: 106, ID Val Acc: 0.912575, OOD Test Acc: 0.815825
2025-04-10 15:45:21,447 : Epoch: 107, ID Val Acc: 0.910384, OOD Test Acc: 0.822101
2025-04-10 15:48:14,935 : Epoch: 108, ID Val Acc: 0.909329, OOD Test Acc: 0.822934
2025-04-10 15:51:05,053 : Epoch: 109, ID Val Acc: 0.914656, OOD Test Acc: 0.812107
2025-04-10 15:53:58,924 : Epoch: 110, ID Val Acc: 0.911349, OOD Test Acc: 0.819309
2025-04-10 15:56:49,429 : Epoch: 111, ID Val Acc: 0.911981, OOD Test Acc: 0.816083
2025-04-10 15:59:40,746 : Epoch: 112, ID Val Acc: 0.915283, OOD Test Acc: 0.806488
2025-04-10 16:02:31,117 : Epoch: 113, ID Val Acc: 0.910983, OOD Test Acc: 0.821644
2025-04-10 16:05:21,064 : Epoch: 114, ID Val Acc: 0.909529, OOD Test Acc: 0.824072
2025-04-10 16:08:11,156 : Epoch: 115, ID Val Acc: 0.910607, OOD Test Acc: 0.822113
2025-04-10 16:11:07,566 : Epoch: 116, ID Val Acc: 0.913547, OOD Test Acc: 0.816658
2025-04-10 16:13:57,598 : Epoch: 117, ID Val Acc: 0.914254, OOD Test Acc: 0.815837
2025-04-10 16:16:49,694 : Epoch: 118, ID Val Acc: 0.911095, OOD Test Acc: 0.821468
2025-04-10 16:19:39,668 : Epoch: 119, ID Val Acc: 0.909612, OOD Test Acc: 0.821855
2025-04-10 16:22:29,528 : Epoch: 120, ID Val Acc: 0.911890, OOD Test Acc: 0.816611
2025-04-10 16:25:19,841 : Epoch: 121, ID Val Acc: 0.915797, OOD Test Acc: 0.809762
2025-04-10 16:28:10,226 : Epoch: 122, ID Val Acc: 0.907676, OOD Test Acc: 0.827368
2025-04-10 16:30:59,731 : Epoch: 123, ID Val Acc: 0.910721, OOD Test Acc: 0.815215
2025-04-10 16:33:50,022 : Epoch: 124, ID Val Acc: 0.907079, OOD Test Acc: 0.826559
2025-04-10 16:36:40,257 : Epoch: 125, ID Val Acc: 0.912404, OOD Test Acc: 0.812553
2025-04-10 16:39:30,696 : Epoch: 126, ID Val Acc: 0.912321, OOD Test Acc: 0.816447
2025-04-10 16:42:20,459 : Epoch: 127, ID Val Acc: 0.911351, OOD Test Acc: 0.812001
2025-04-10 16:45:10,346 : Epoch: 128, ID Val Acc: 0.911320, OOD Test Acc: 0.816717
2025-04-10 16:48:03,692 : Epoch: 129, ID Val Acc: 0.910921, OOD Test Acc: 0.816425
2025-04-10 16:50:54,098 : Epoch: 130, ID Val Acc: 0.912803, OOD Test Acc: 0.819427
2025-04-10 16:53:44,180 : Epoch: 131, ID Val Acc: 0.913969, OOD Test Acc: 0.812212
2025-04-10 16:56:34,043 : Epoch: 132, ID Val Acc: 0.908902, OOD Test Acc: 0.822277
2025-04-10 16:59:24,016 : Epoch: 133, ID Val Acc: 0.911180, OOD Test Acc: 0.819955
2025-04-10 17:02:14,220 : Epoch: 134, ID Val Acc: 0.911574, OOD Test Acc: 0.819462
2025-04-10 17:05:04,133 : Epoch: 135, ID Val Acc: 0.912720, OOD Test Acc: 0.816693
2025-04-10 17:07:53,963 : Epoch: 136, ID Val Acc: 0.912118, OOD Test Acc: 0.818688
2025-04-10 17:10:46,650 : Epoch: 137, ID Val Acc: 0.915084, OOD Test Acc: 0.810171
2025-04-10 17:13:36,899 : Epoch: 138, ID Val Acc: 0.909897, OOD Test Acc: 0.824377
2025-04-10 17:16:27,287 : Epoch: 139, ID Val Acc: 0.914200, OOD Test Acc: 0.810805
2025-04-10 17:19:17,078 : Epoch: 140, ID Val Acc: 0.913002, OOD Test Acc: 0.816073
2025-04-10 17:22:07,090 : Epoch: 141, ID Val Acc: 0.909583, OOD Test Acc: 0.817444
2025-04-10 17:24:57,309 : Epoch: 142, ID Val Acc: 0.907901, OOD Test Acc: 0.822606
2025-04-10 17:27:47,699 : Epoch: 143, ID Val Acc: 0.910727, OOD Test Acc: 0.823779
2025-04-10 17:30:37,639 : Epoch: 144, ID Val Acc: 0.913547, OOD Test Acc: 0.812271
2025-04-10 17:33:27,432 : Epoch: 145, ID Val Acc: 0.912746, OOD Test Acc: 0.815321
2025-04-10 17:36:19,277 : Epoch: 146, ID Val Acc: 0.913399, OOD Test Acc: 0.812412
2025-04-10 17:39:09,300 : Epoch: 147, ID Val Acc: 0.913658, OOD Test Acc: 0.814207
2025-04-10 17:42:00,254 : Epoch: 148, ID Val Acc: 0.911890, OOD Test Acc: 0.818735
2025-04-10 17:44:50,050 : Epoch: 149, ID Val Acc: 0.909643, OOD Test Acc: 0.815943
2025-04-10 17:47:40,422 : Epoch: 150, ID Val Acc: 0.914882, OOD Test Acc: 0.806863
2025-04-10 17:50:30,649 : Epoch: 151, ID Val Acc: 0.911893, OOD Test Acc: 0.810208
2025-04-10 17:53:21,003 : Epoch: 152, ID Val Acc: 0.912575, OOD Test Acc: 0.817655
2025-04-10 17:56:11,029 : Epoch: 153, ID Val Acc: 0.912404, OOD Test Acc: 0.815649
2025-04-10 17:59:01,587 : Epoch: 154, ID Val Acc: 0.913262, OOD Test Acc: 0.812259
2025-04-10 18:01:51,702 : Epoch: 155, ID Val Acc: 0.913943, OOD Test Acc: 0.810818
2025-04-10 18:04:42,729 : Epoch: 156, ID Val Acc: 0.913430, OOD Test Acc: 0.811663
2025-04-10 18:07:32,786 : Epoch: 157, ID Val Acc: 0.907562, OOD Test Acc: 0.829269
2025-04-10 18:10:22,632 : Epoch: 158, ID Val Acc: 0.913373, OOD Test Acc: 0.815908
2025-04-10 18:13:12,691 : Epoch: 159, ID Val Acc: 0.911432, OOD Test Acc: 0.817996
2025-04-10 18:16:04,633 : Epoch: 160, ID Val Acc: 0.908557, OOD Test Acc: 0.825304
2025-04-10 18:19:04,020 : Epoch: 161, ID Val Acc: 0.913487, OOD Test Acc: 0.811075
2025-04-10 18:21:56,654 : Epoch: 162, ID Val Acc: 0.912064, OOD Test Acc: 0.818723
2025-04-10 18:24:50,136 : Epoch: 163, ID Val Acc: 0.913658, OOD Test Acc: 0.808319
2025-04-10 18:27:50,335 : Epoch: 164, ID Val Acc: 0.913829, OOD Test Acc: 0.812331
2025-04-10 18:31:21,221 : Epoch: 165, ID Val Acc: 0.910099, OOD Test Acc: 0.821092
2025-04-10 18:34:12,578 : Epoch: 166, ID Val Acc: 0.915908, OOD Test Acc: 0.801925
2025-04-10 18:37:05,013 : Epoch: 167, ID Val Acc: 0.915965, OOD Test Acc: 0.808189
2025-04-10 18:39:54,911 : Epoch: 168, ID Val Acc: 0.912572, OOD Test Acc: 0.818125
2025-04-10 18:42:49,171 : Epoch: 169, ID Val Acc: 0.913484, OOD Test Acc: 0.815391
2025-04-10 18:45:39,502 : Epoch: 170, ID Val Acc: 0.910465, OOD Test Acc: 0.820717
2025-04-10 18:48:30,534 : Epoch: 171, ID Val Acc: 0.908614, OOD Test Acc: 0.826101
2025-04-10 18:51:21,379 : Epoch: 172, ID Val Acc: 0.911579, OOD Test Acc: 0.817997
2025-04-10 18:54:12,276 : Epoch: 173, ID Val Acc: 0.914853, OOD Test Acc: 0.808554
2025-04-10 18:57:02,909 : Epoch: 174, ID Val Acc: 0.912290, OOD Test Acc: 0.816611
2025-04-10 18:59:56,614 : Epoch: 175, ID Val Acc: 0.911491, OOD Test Acc: 0.812119
2025-04-10 19:02:46,660 : Epoch: 176, ID Val Acc: 0.906792, OOD Test Acc: 0.830489
2025-04-10 19:05:36,527 : Epoch: 177, ID Val Acc: 0.913373, OOD Test Acc: 0.819180
2025-04-10 19:08:27,547 : Epoch: 178, ID Val Acc: 0.912914, OOD Test Acc: 0.812683
2025-04-10 19:11:18,070 : Epoch: 179, ID Val Acc: 0.912118, OOD Test Acc: 0.813620
2025-04-10 19:14:16,466 : Epoch: 180, ID Val Acc: 0.912919, OOD Test Acc: 0.815802
2025-04-10 19:17:11,872 : Epoch: 181, ID Val Acc: 0.910952, OOD Test Acc: 0.814265
2025-04-10 19:21:05,890 : Epoch: 182, ID Val Acc: 0.909726, OOD Test Acc: 0.821375
2025-04-10 19:26:24,803 : Epoch: 183, ID Val Acc: 0.909355, OOD Test Acc: 0.823006
2025-04-10 19:29:23,085 : Epoch: 184, ID Val Acc: 0.912603, OOD Test Acc: 0.816518
2025-04-10 19:32:20,323 : Epoch: 185, ID Val Acc: 0.909869, OOD Test Acc: 0.817386
2025-04-10 19:35:14,941 : Epoch: 186, ID Val Acc: 0.909415, OOD Test Acc: 0.825632
2025-04-10 19:38:10,531 : Epoch: 187, ID Val Acc: 0.910211, OOD Test Acc: 0.821479
2025-04-10 19:41:06,737 : Epoch: 188, ID Val Acc: 0.912945, OOD Test Acc: 0.816636
2025-04-10 19:43:56,905 : Epoch: 189, ID Val Acc: 0.913233, OOD Test Acc: 0.816834
2025-04-10 19:46:46,934 : Epoch: 190, ID Val Acc: 0.906084, OOD Test Acc: 0.828318
2025-04-10 19:49:36,941 : Epoch: 191, ID Val Acc: 0.913344, OOD Test Acc: 0.815380
2025-04-10 19:52:27,048 : Epoch: 192, ID Val Acc: 0.912290, OOD Test Acc: 0.811380
2025-04-10 19:55:19,849 : Epoch: 193, ID Val Acc: 0.913090, OOD Test Acc: 0.817116
2025-04-10 19:58:09,795 : Epoch: 194, ID Val Acc: 0.912347, OOD Test Acc: 0.809503
2025-04-10 20:00:59,189 : Epoch: 195, ID Val Acc: 0.911494, OOD Test Acc: 0.817996
2025-04-10 20:03:49,385 : Epoch: 196, ID Val Acc: 0.911807, OOD Test Acc: 0.818453
2025-04-10 20:06:39,459 : Epoch: 197, ID Val Acc: 0.911719, OOD Test Acc: 0.817479
2025-04-10 20:09:29,726 : Epoch: 198, ID Val Acc: 0.908954, OOD Test Acc: 0.820543
2025-04-10 20:12:19,326 : Epoch: 199, ID Val Acc: 0.911750, OOD Test Acc: 0.817632
2025-04-10 20:12:19,327 : --- Training Summary ---
2025-04-10 20:12:19,327 : Best ID Val Acc: 0.916193 (Epoch 104)
2025-04-10 20:12:19,327 : OOD Test Acc at Best ID Val Epoch: 0.802394
2025-04-10 20:12:19,327 : Best OOD Test Acc: 0.878211 (Epoch 0)
2025-04-10 20:12:19,327 : ID Val Acc at Best OOD Test Epoch: 0.899096
2025-04-10 20:12:19,327 : Final Epoch (199) ID Val Acc: 0.911750
2025-04-10 20:12:19,327 : Final Epoch (199) OOD Test Acc: 0.817632
