2025-04-14 16:52:01,397 : --- Training Arguments (MedMNIST-C Augmented) ---
{'augment': True,
 'batch_size': 256,
 'bottleneck': True,
 'cosine': False,
 'epochs': 200,
 'feat_dim': 128,
 'gpu': 0,
 'head': 'mlp',
 'id_loc': 'datasets/CIFAR10',
 'in_dataset': 'camelyon17',
 'learning_rate': 0.0005,
 'loss': 'hypo',
 'lr_decay_epochs': '100,150,180',
 'lr_decay_rate': 0.1,
 'mode': 'online',
 'model': 'resnet50',
 'momentum': 0.9,
 'normalize': False,
 'prefetch': 4,
 'print_freq': 10,
 'proto_m': 0.95,
 'save_epoch': 100,
 'seed': 4,
 'start_epoch': 0,
 'target_domain': 'cartoon',
 'temp': 0.1,
 'trial': 'medmnistc_0',
 'use_domain': False,
 'w': 2.0,
 'warm': False,
 'weight_decay': 0.0001,
 'wilds_root_dir': '../../data'}
2025-04-14 16:52:02,431 : Using MedMNIST-C augmented dataloader for Camelyon17 training.
2025-04-14 16:55:45,980 : Epoch: 0, ID Val Acc: 0.903712, OOD Test Acc: 0.840263
2025-04-14 16:59:21,356 : Epoch: 1, ID Val Acc: 0.895247, OOD Test Acc: 0.799709
2025-04-14 17:02:53,739 : Epoch: 2, ID Val Acc: 0.913430, OOD Test Acc: 0.826899
2025-04-14 17:06:29,811 : Epoch: 3, ID Val Acc: 0.921694, OOD Test Acc: 0.781952
2025-04-14 17:10:05,613 : Epoch: 4, ID Val Acc: 0.919216, OOD Test Acc: 0.755688
2025-04-14 17:13:39,811 : Epoch: 5, ID Val Acc: 0.917647, OOD Test Acc: 0.772989
2025-04-14 17:17:13,555 : Epoch: 6, ID Val Acc: 0.917388, OOD Test Acc: 0.774103
2025-04-14 17:20:47,084 : Epoch: 7, ID Val Acc: 0.914283, OOD Test Acc: 0.750409
2025-04-14 17:24:19,811 : Epoch: 8, ID Val Acc: 0.918472, OOD Test Acc: 0.754468
2025-04-14 17:27:53,051 : Epoch: 9, ID Val Acc: 0.919669, OOD Test Acc: 0.751172
2025-04-14 17:31:26,079 : Epoch: 10, ID Val Acc: 0.925457, OOD Test Acc: 0.767640
2025-04-14 17:35:01,235 : Epoch: 11, ID Val Acc: 0.925880, OOD Test Acc: 0.746679
2025-04-14 17:38:37,108 : Epoch: 12, ID Val Acc: 0.923143, OOD Test Acc: 0.743158
2025-04-14 17:42:10,054 : Epoch: 13, ID Val Acc: 0.916414, OOD Test Acc: 0.727429
2025-04-14 17:45:43,381 : Epoch: 14, ID Val Acc: 0.922321, OOD Test Acc: 0.764040
2025-04-14 17:49:16,081 : Epoch: 15, ID Val Acc: 0.921035, OOD Test Acc: 0.719839
2025-04-14 17:52:49,668 : Epoch: 16, ID Val Acc: 0.917756, OOD Test Acc: 0.741283
2025-04-14 17:56:22,574 : Epoch: 17, ID Val Acc: 0.916611, OOD Test Acc: 0.763135
2025-04-14 17:59:55,513 : Epoch: 18, ID Val Acc: 0.918897, OOD Test Acc: 0.734327
2025-04-14 18:03:27,904 : Epoch: 19, ID Val Acc: 0.914679, OOD Test Acc: 0.730608
2025-04-14 18:07:01,429 : Epoch: 20, ID Val Acc: 0.910594, OOD Test Acc: 0.730420
2025-04-14 18:10:34,319 : Epoch: 21, ID Val Acc: 0.913363, OOD Test Acc: 0.690889
2025-04-14 18:14:08,002 : Epoch: 22, ID Val Acc: 0.917440, OOD Test Acc: 0.731922
2025-04-14 18:17:40,494 : Epoch: 23, ID Val Acc: 0.915418, OOD Test Acc: 0.742092
2025-04-14 18:21:13,561 : Epoch: 24, ID Val Acc: 0.920206, OOD Test Acc: 0.732755
2025-04-14 18:24:46,058 : Epoch: 25, ID Val Acc: 0.926826, OOD Test Acc: 0.773201
2025-04-14 18:28:21,836 : Epoch: 26, ID Val Acc: 0.920180, OOD Test Acc: 0.769728
2025-04-14 18:31:54,990 : Epoch: 27, ID Val Acc: 0.926108, OOD Test Acc: 0.755029
2025-04-14 18:35:28,324 : Epoch: 28, ID Val Acc: 0.922031, OOD Test Acc: 0.761858
2025-04-14 18:39:01,484 : Epoch: 29, ID Val Acc: 0.919464, OOD Test Acc: 0.758984
2025-04-14 18:42:34,344 : Epoch: 30, ID Val Acc: 0.919724, OOD Test Acc: 0.774866
2025-04-14 18:46:07,340 : Epoch: 31, ID Val Acc: 0.919521, OOD Test Acc: 0.797988
2025-04-14 18:49:40,046 : Epoch: 32, ID Val Acc: 0.920517, OOD Test Acc: 0.736520
2025-04-14 18:53:13,714 : Epoch: 33, ID Val Acc: 0.919060, OOD Test Acc: 0.727382
2025-04-14 18:56:46,315 : Epoch: 34, ID Val Acc: 0.915820, OOD Test Acc: 0.716801
2025-04-14 19:00:19,952 : Epoch: 35, ID Val Acc: 0.915760, OOD Test Acc: 0.785483
2025-04-14 19:03:52,816 : Epoch: 36, ID Val Acc: 0.909827, OOD Test Acc: 0.785272
2025-04-14 19:07:26,674 : Epoch: 37, ID Val Acc: 0.921580, OOD Test Acc: 0.806094
2025-04-14 19:10:58,881 : Epoch: 38, ID Val Acc: 0.919298, OOD Test Acc: 0.744204
2025-04-14 19:14:32,110 : Epoch: 39, ID Val Acc: 0.923687, OOD Test Acc: 0.743336
2025-04-14 19:18:04,806 : Epoch: 40, ID Val Acc: 0.911341, OOD Test Acc: 0.745095
2025-04-14 19:21:37,603 : Epoch: 41, ID Val Acc: 0.923174, OOD Test Acc: 0.777460
2025-04-14 19:25:10,694 : Epoch: 42, ID Val Acc: 0.923969, OOD Test Acc: 0.783196
2025-04-14 19:28:43,885 : Epoch: 43, ID Val Acc: 0.922085, OOD Test Acc: 0.778234
2025-04-14 19:32:17,086 : Epoch: 44, ID Val Acc: 0.921574, OOD Test Acc: 0.768169
2025-04-14 19:35:50,105 : Epoch: 45, ID Val Acc: 0.911455, OOD Test Acc: 0.772193
2025-04-14 19:39:23,749 : Epoch: 46, ID Val Acc: 0.921834, OOD Test Acc: 0.762808
2025-04-14 19:42:56,884 : Epoch: 47, ID Val Acc: 0.916305, OOD Test Acc: 0.809471
2025-04-14 19:46:30,388 : Epoch: 48, ID Val Acc: 0.916927, OOD Test Acc: 0.756568
2025-04-14 19:50:03,038 : Epoch: 49, ID Val Acc: 0.912308, OOD Test Acc: 0.721716
2025-04-14 19:53:36,306 : Epoch: 50, ID Val Acc: 0.918809, OOD Test Acc: 0.760474
2025-04-14 19:57:09,021 : Epoch: 51, ID Val Acc: 0.919635, OOD Test Acc: 0.772028
2025-04-14 20:00:42,446 : Epoch: 52, ID Val Acc: 0.917411, OOD Test Acc: 0.751089
2025-04-14 20:04:15,249 : Epoch: 53, ID Val Acc: 0.918720, OOD Test Acc: 0.739124
2025-04-14 20:07:49,007 : Epoch: 54, ID Val Acc: 0.911074, OOD Test Acc: 0.708320
2025-04-14 20:11:21,749 : Epoch: 55, ID Val Acc: 0.918067, OOD Test Acc: 0.748825
2025-04-14 20:14:54,849 : Epoch: 56, ID Val Acc: 0.921681, OOD Test Acc: 0.751441
2025-04-14 20:18:27,827 : Epoch: 57, ID Val Acc: 0.925540, OOD Test Acc: 0.824063
2025-04-14 20:22:00,817 : Epoch: 58, ID Val Acc: 0.911025, OOD Test Acc: 0.720097
2025-04-14 20:25:33,688 : Epoch: 59, ID Val Acc: 0.927303, OOD Test Acc: 0.764838
2025-04-14 20:29:09,318 : Epoch: 60, ID Val Acc: 0.914190, OOD Test Acc: 0.828839
2025-04-14 20:32:42,338 : Epoch: 61, ID Val Acc: 0.910133, OOD Test Acc: 0.792557
2025-04-14 20:36:15,033 : Epoch: 62, ID Val Acc: 0.921292, OOD Test Acc: 0.781131
2025-04-14 20:39:48,338 : Epoch: 63, ID Val Acc: 0.925193, OOD Test Acc: 0.767770
2025-04-14 20:43:21,477 : Epoch: 64, ID Val Acc: 0.920032, OOD Test Acc: 0.745517
2025-04-14 20:46:55,147 : Epoch: 65, ID Val Acc: 0.924690, OOD Test Acc: 0.782961
2025-04-14 20:50:28,225 : Epoch: 66, ID Val Acc: 0.917072, OOD Test Acc: 0.705692
2025-04-14 20:54:01,711 : Epoch: 67, ID Val Acc: 0.915014, OOD Test Acc: 0.729142
2025-04-14 20:57:34,216 : Epoch: 68, ID Val Acc: 0.921383, OOD Test Acc: 0.771547
2025-04-14 21:01:07,816 : Epoch: 69, ID Val Acc: 0.923547, OOD Test Acc: 0.795794
2025-04-14 21:04:40,830 : Epoch: 70, ID Val Acc: 0.922121, OOD Test Acc: 0.773248
2025-04-14 21:08:14,213 : Epoch: 71, ID Val Acc: 0.926147, OOD Test Acc: 0.773719
2025-04-14 21:11:48,676 : Epoch: 72, ID Val Acc: 0.922295, OOD Test Acc: 0.801437
2025-04-14 21:15:22,729 : Epoch: 73, ID Val Acc: 0.929190, OOD Test Acc: 0.844323
2025-04-14 21:18:57,626 : Epoch: 74, ID Val Acc: 0.913762, OOD Test Acc: 0.808111
2025-04-14 21:22:30,870 : Epoch: 75, ID Val Acc: 0.920123, OOD Test Acc: 0.794611
2025-04-14 21:26:03,680 : Epoch: 76, ID Val Acc: 0.916388, OOD Test Acc: 0.801319
2025-04-14 21:29:37,362 : Epoch: 77, ID Val Acc: 0.920976, OOD Test Acc: 0.789800
2025-04-14 21:33:10,555 : Epoch: 78, ID Val Acc: 0.916587, OOD Test Acc: 0.756029
2025-04-14 21:36:44,265 : Epoch: 79, ID Val Acc: 0.919926, OOD Test Acc: 0.767782
2025-04-14 21:40:17,437 : Epoch: 80, ID Val Acc: 0.923402, OOD Test Acc: 0.800592
2025-04-14 21:43:50,681 : Epoch: 81, ID Val Acc: 0.916756, OOD Test Acc: 0.777788
2025-04-14 21:47:24,474 : Epoch: 82, ID Val Acc: 0.926961, OOD Test Acc: 0.791231
2025-04-14 21:50:57,425 : Epoch: 83, ID Val Acc: 0.918412, OOD Test Acc: 0.768110
2025-04-14 21:54:30,810 : Epoch: 84, ID Val Acc: 0.917870, OOD Test Acc: 0.787524
2025-04-14 21:58:03,894 : Epoch: 85, ID Val Acc: 0.920522, OOD Test Acc: 0.782292
2025-04-14 22:01:37,266 : Epoch: 86, ID Val Acc: 0.919210, OOD Test Acc: 0.780040
2025-04-14 22:05:09,876 : Epoch: 87, ID Val Acc: 0.921522, OOD Test Acc: 0.776357
2025-04-14 22:08:43,254 : Epoch: 88, ID Val Acc: 0.895545, OOD Test Acc: 0.780943
2025-04-14 22:12:16,028 : Epoch: 89, ID Val Acc: 0.896032, OOD Test Acc: 0.731711
2025-04-14 22:15:49,532 : Epoch: 90, ID Val Acc: 0.896514, OOD Test Acc: 0.739594
2025-04-14 22:19:22,208 : Epoch: 91, ID Val Acc: 0.909659, OOD Test Acc: 0.728168
2025-04-14 22:22:55,755 : Epoch: 92, ID Val Acc: 0.921805, OOD Test Acc: 0.783900
2025-04-14 22:26:29,029 : Epoch: 93, ID Val Acc: 0.916559, OOD Test Acc: 0.765318
2025-04-14 22:30:02,134 : Epoch: 94, ID Val Acc: 0.915444, OOD Test Acc: 0.756614
2025-04-14 22:33:35,588 : Epoch: 95, ID Val Acc: 0.916704, OOD Test Acc: 0.746913
2025-04-14 22:37:08,385 : Epoch: 96, ID Val Acc: 0.923003, OOD Test Acc: 0.743793
2025-04-14 22:40:41,415 : Epoch: 97, ID Val Acc: 0.918552, OOD Test Acc: 0.770879
2025-04-14 22:44:14,856 : Epoch: 98, ID Val Acc: 0.926142, OOD Test Acc: 0.735793
2025-04-14 22:47:48,780 : Epoch: 99, ID Val Acc: 0.920296, OOD Test Acc: 0.750397
2025-04-14 22:51:22,179 : Epoch: 100, ID Val Acc: 0.910288, OOD Test Acc: 0.736862
2025-04-14 22:54:55,502 : Epoch: 101, ID Val Acc: 0.915079, OOD Test Acc: 0.746704
2025-04-14 22:58:28,214 : Epoch: 102, ID Val Acc: 0.917157, OOD Test Acc: 0.751302
2025-04-14 23:02:01,908 : Epoch: 103, ID Val Acc: 0.911854, OOD Test Acc: 0.748334
2025-04-14 23:05:34,636 : Epoch: 104, ID Val Acc: 0.915307, OOD Test Acc: 0.757683
2025-04-14 23:09:08,134 : Epoch: 105, ID Val Acc: 0.914537, OOD Test Acc: 0.751584
2025-04-14 23:12:40,674 : Epoch: 106, ID Val Acc: 0.912225, OOD Test Acc: 0.750152
2025-04-14 23:16:14,602 : Epoch: 107, ID Val Acc: 0.917562, OOD Test Acc: 0.754000
2025-04-14 23:19:47,234 : Epoch: 108, ID Val Acc: 0.919444, OOD Test Acc: 0.759056
2025-04-14 23:23:20,891 : Epoch: 109, ID Val Acc: 0.913910, OOD Test Acc: 0.752065
2025-04-14 23:26:53,641 : Epoch: 110, ID Val Acc: 0.911004, OOD Test Acc: 0.751619
2025-04-14 23:30:27,232 : Epoch: 111, ID Val Acc: 0.911600, OOD Test Acc: 0.746645
2025-04-14 23:34:00,453 : Epoch: 112, ID Val Acc: 0.913282, OOD Test Acc: 0.747759
2025-04-14 23:37:33,815 : Epoch: 113, ID Val Acc: 0.912370, OOD Test Acc: 0.744674
2025-04-14 23:41:06,920 : Epoch: 114, ID Val Acc: 0.914793, OOD Test Acc: 0.753543
2025-04-14 23:44:40,402 : Epoch: 115, ID Val Acc: 0.914480, OOD Test Acc: 0.746739
2025-04-14 23:48:14,247 : Epoch: 116, ID Val Acc: 0.913282, OOD Test Acc: 0.750493
2025-04-14 23:51:47,157 : Epoch: 117, ID Val Acc: 0.911258, OOD Test Acc: 0.749636
2025-04-14 23:55:25,291 : Epoch: 118, ID Val Acc: 0.912313, OOD Test Acc: 0.746410
2025-04-14 23:58:58,583 : Epoch: 119, ID Val Acc: 0.912372, OOD Test Acc: 0.738363
2025-04-15 00:02:32,668 : Epoch: 120, ID Val Acc: 0.910830, OOD Test Acc: 0.732369
2025-04-15 00:06:07,240 : Epoch: 121, ID Val Acc: 0.914026, OOD Test Acc: 0.743853
2025-04-15 00:09:40,990 : Epoch: 122, ID Val Acc: 0.914454, OOD Test Acc: 0.741578
2025-04-15 00:13:13,839 : Epoch: 123, ID Val Acc: 0.916564, OOD Test Acc: 0.743677
2025-04-15 00:16:47,552 : Epoch: 124, ID Val Acc: 0.913254, OOD Test Acc: 0.736217
2025-04-15 00:20:20,060 : Epoch: 125, ID Val Acc: 0.913681, OOD Test Acc: 0.729718
2025-04-15 00:23:53,785 : Epoch: 126, ID Val Acc: 0.911172, OOD Test Acc: 0.734023
2025-04-15 00:27:26,377 : Epoch: 127, ID Val Acc: 0.918902, OOD Test Acc: 0.751044
2025-04-15 00:31:00,508 : Epoch: 128, ID Val Acc: 0.915022, OOD Test Acc: 0.736885
2025-04-15 00:34:33,374 : Epoch: 129, ID Val Acc: 0.912798, OOD Test Acc: 0.733003
2025-04-15 00:38:06,910 : Epoch: 130, ID Val Acc: 0.913054, OOD Test Acc: 0.734539
2025-04-15 00:41:39,708 : Epoch: 131, ID Val Acc: 0.914622, OOD Test Acc: 0.728170
2025-04-15 00:45:13,002 : Epoch: 132, ID Val Acc: 0.913796, OOD Test Acc: 0.739783
2025-04-15 00:48:46,001 : Epoch: 133, ID Val Acc: 0.917103, OOD Test Acc: 0.745003
2025-04-15 00:52:19,363 : Epoch: 134, ID Val Acc: 0.914936, OOD Test Acc: 0.737589
2025-04-15 00:55:52,807 : Epoch: 135, ID Val Acc: 0.912113, OOD Test Acc: 0.738645
2025-04-15 00:59:25,507 : Epoch: 136, ID Val Acc: 0.908863, OOD Test Acc: 0.734223
2025-04-15 01:02:58,638 : Epoch: 137, ID Val Acc: 0.911144, OOD Test Acc: 0.733343
2025-04-15 01:06:31,589 : Epoch: 138, ID Val Acc: 0.911828, OOD Test Acc: 0.739689
2025-04-15 01:10:05,160 : Epoch: 139, ID Val Acc: 0.918101, OOD Test Acc: 0.747161
2025-04-15 01:13:38,399 : Epoch: 140, ID Val Acc: 0.915592, OOD Test Acc: 0.742563
2025-04-15 01:17:11,979 : Epoch: 141, ID Val Acc: 0.915193, OOD Test Acc: 0.739102
2025-04-15 01:20:44,823 : Epoch: 142, ID Val Acc: 0.913681, OOD Test Acc: 0.737929
2025-04-15 01:24:18,761 : Epoch: 143, ID Val Acc: 0.919358, OOD Test Acc: 0.749249
2025-04-15 01:27:51,589 : Epoch: 144, ID Val Acc: 0.914965, OOD Test Acc: 0.743173
2025-04-15 01:31:24,972 : Epoch: 145, ID Val Acc: 0.916362, OOD Test Acc: 0.745026
2025-04-15 01:34:57,520 : Epoch: 146, ID Val Acc: 0.919669, OOD Test Acc: 0.749108
2025-04-15 01:38:31,178 : Epoch: 147, ID Val Acc: 0.915392, OOD Test Acc: 0.744170
2025-04-15 01:42:04,724 : Epoch: 148, ID Val Acc: 0.917246, OOD Test Acc: 0.747630
2025-04-15 01:45:38,356 : Epoch: 149, ID Val Acc: 0.922295, OOD Test Acc: 0.758480
2025-04-15 01:49:11,299 : Epoch: 150, ID Val Acc: 0.919413, OOD Test Acc: 0.742000
2025-04-15 01:52:44,370 : Epoch: 151, ID Val Acc: 0.916761, OOD Test Acc: 0.737671
2025-04-15 01:56:17,473 : Epoch: 152, ID Val Acc: 0.919070, OOD Test Acc: 0.742598
2025-04-15 01:59:50,429 : Epoch: 153, ID Val Acc: 0.918899, OOD Test Acc: 0.744229
2025-04-15 02:03:24,289 : Epoch: 154, ID Val Acc: 0.920610, OOD Test Acc: 0.743372
2025-04-15 02:06:57,075 : Epoch: 155, ID Val Acc: 0.919783, OOD Test Acc: 0.746340
2025-04-15 02:10:31,116 : Epoch: 156, ID Val Acc: 0.919013, OOD Test Acc: 0.740229
2025-04-15 02:14:03,840 : Epoch: 157, ID Val Acc: 0.920781, OOD Test Acc: 0.751724
2025-04-15 02:17:37,230 : Epoch: 158, ID Val Acc: 0.917616, OOD Test Acc: 0.739126
2025-04-15 02:21:09,702 : Epoch: 159, ID Val Acc: 0.920696, OOD Test Acc: 0.751161
2025-04-15 02:24:42,956 : Epoch: 160, ID Val Acc: 0.919156, OOD Test Acc: 0.750375
2025-04-15 02:28:15,743 : Epoch: 161, ID Val Acc: 0.919013, OOD Test Acc: 0.744909
2025-04-15 02:31:49,651 : Epoch: 162, ID Val Acc: 0.918956, OOD Test Acc: 0.746305
2025-04-15 02:35:22,396 : Epoch: 163, ID Val Acc: 0.919413, OOD Test Acc: 0.744909
2025-04-15 02:38:55,824 : Epoch: 164, ID Val Acc: 0.918186, OOD Test Acc: 0.744334
2025-04-15 02:42:28,490 : Epoch: 165, ID Val Acc: 0.915449, OOD Test Acc: 0.737742
2025-04-15 02:46:02,004 : Epoch: 166, ID Val Acc: 0.917388, OOD Test Acc: 0.741753
2025-04-15 02:49:34,958 : Epoch: 167, ID Val Acc: 0.918329, OOD Test Acc: 0.740651
2025-04-15 02:53:08,072 : Epoch: 168, ID Val Acc: 0.915649, OOD Test Acc: 0.739325
2025-04-15 02:56:41,655 : Epoch: 169, ID Val Acc: 0.919897, OOD Test Acc: 0.744463
2025-04-15 03:00:14,970 : Epoch: 170, ID Val Acc: 0.918956, OOD Test Acc: 0.748006
2025-04-15 03:03:48,229 : Epoch: 171, ID Val Acc: 0.918272, OOD Test Acc: 0.741425
2025-04-15 03:07:21,395 : Epoch: 172, ID Val Acc: 0.916789, OOD Test Acc: 0.737120
2025-04-15 03:10:55,421 : Epoch: 173, ID Val Acc: 0.919555, OOD Test Acc: 0.741718
2025-04-15 03:14:28,297 : Epoch: 174, ID Val Acc: 0.917930, OOD Test Acc: 0.743947
2025-04-15 03:18:01,600 : Epoch: 175, ID Val Acc: 0.918842, OOD Test Acc: 0.740451
2025-04-15 03:21:34,455 : Epoch: 176, ID Val Acc: 0.919441, OOD Test Acc: 0.744956
2025-04-15 03:25:08,448 : Epoch: 177, ID Val Acc: 0.917160, OOD Test Acc: 0.740487
2025-04-15 03:28:41,672 : Epoch: 178, ID Val Acc: 0.916675, OOD Test Acc: 0.741425
2025-04-15 03:32:15,838 : Epoch: 179, ID Val Acc: 0.917303, OOD Test Acc: 0.742727
2025-04-15 03:35:48,627 : Epoch: 180, ID Val Acc: 0.919384, OOD Test Acc: 0.745871
2025-04-15 03:39:22,432 : Epoch: 181, ID Val Acc: 0.916704, OOD Test Acc: 0.742622
2025-04-15 03:42:55,302 : Epoch: 182, ID Val Acc: 0.916533, OOD Test Acc: 0.744827
2025-04-15 03:46:28,708 : Epoch: 183, ID Val Acc: 0.918985, OOD Test Acc: 0.743900
2025-04-15 03:50:01,758 : Epoch: 184, ID Val Acc: 0.916077, OOD Test Acc: 0.738563
2025-04-15 03:53:34,691 : Epoch: 185, ID Val Acc: 0.919726, OOD Test Acc: 0.747713
2025-04-15 03:57:07,780 : Epoch: 186, ID Val Acc: 0.913282, OOD Test Acc: 0.734387
2025-04-15 04:00:41,003 : Epoch: 187, ID Val Acc: 0.918529, OOD Test Acc: 0.742328
2025-04-15 04:04:15,207 : Epoch: 188, ID Val Acc: 0.920924, OOD Test Acc: 0.752333
2025-04-15 04:07:47,928 : Epoch: 189, ID Val Acc: 0.917074, OOD Test Acc: 0.746293
2025-04-15 04:11:21,381 : Epoch: 190, ID Val Acc: 0.921751, OOD Test Acc: 0.754175
2025-04-15 04:14:54,353 : Epoch: 191, ID Val Acc: 0.918044, OOD Test Acc: 0.741753
2025-04-15 04:18:27,247 : Epoch: 192, ID Val Acc: 0.918586, OOD Test Acc: 0.744041
2025-04-15 04:22:00,526 : Epoch: 193, ID Val Acc: 0.916362, OOD Test Acc: 0.742622
2025-04-15 04:25:33,798 : Epoch: 194, ID Val Acc: 0.915107, OOD Test Acc: 0.735091
2025-04-15 04:29:06,605 : Epoch: 195, ID Val Acc: 0.916732, OOD Test Acc: 0.744006
2025-04-15 04:32:40,937 : Epoch: 196, ID Val Acc: 0.917901, OOD Test Acc: 0.739924
2025-04-15 04:36:13,440 : Epoch: 197, ID Val Acc: 0.915962, OOD Test Acc: 0.736662
2025-04-15 04:39:46,940 : Epoch: 198, ID Val Acc: 0.920040, OOD Test Acc: 0.745613
2025-04-15 04:43:20,046 : Epoch: 199, ID Val Acc: 0.918301, OOD Test Acc: 0.743372
2025-04-15 04:43:20,047 : --- Training Summary ---
2025-04-15 04:43:20,047 : Best ID Val Acc: 0.929190 (Epoch 73)
2025-04-15 04:43:20,047 : OOD Test Acc at Best ID Val Epoch: 0.844323
2025-04-15 04:43:20,047 : Best OOD Test Acc: 0.844323 (Epoch 73)
2025-04-15 04:43:20,047 : ID Val Acc at Best OOD Test Epoch: 0.929190
2025-04-15 04:43:20,047 : Final Epoch (199) ID Val Acc: 0.918301
2025-04-15 04:43:20,048 : Final Epoch (199) OOD Test Acc: 0.743372
